host: d-12-15-1
Building DAG of jobs...
outputs/uniref50_nested_domain_pairs.tsv outputs/unmapped_uniprot_ids.txt outputs/uniref50_frequency.csv: True 0
shared_storage_local_copies: True
remote_exec: True
Submitting maximum 100 job(s) over 1.0 second(s).
Using shell: /usr/bin/bash
Provided remote nodes: 1
Resources before job selection: {'_cores': 9223372036854775807, '_nodes': 1, '_job_count': 9223372036854775807}
Ready jobs: 1
Select jobs to execute...
Selecting jobs to run using greedy solver.
Selected jobs: 1
Resources after job selection: {'_cores': 9223372036854775806, '_nodes': 0, '_job_count': 100}
Execute 1 jobs...

[Tue Jul  8 20:39:59 2025]
rule intersect_with_uniref50:
    input: outputs/uniprot_to_uniref50_mapping.pkl, outputs/nested_domain_pairs.tsv
    output: outputs/uniref50_nested_domain_pairs.tsv, outputs/unmapped_uniprot_ids.txt, outputs/uniref50_frequency.csv
    log: logs/intersect_with_uniref50.log
    jobid: 0
    reason: Forced execution
    resources: mem_mb=64000, mem_mib=61036, disk_mb=18416, disk_mib=17563, tmpdir=<TBD>, time_min=720, cpus_per_task=1
Shell command: 
        python -u scripts/intersect_nested_domain_pairs.py outputs/uniprot_to_uniref50_mapping.pkl outputs/nested_domain_pairs.tsv outputs/uniref50_nested_domain_pairs.tsv outputs/unmapped_uniprot_ids.txt outputs/uniref50_frequency.csv &> logs/intersect_with_uniref50.log 
        
General args: ['--force', '--target-files-omit-workdir-adjustment', '', '--max-inventory-time 0', '--nocolor', '--notemp', '--no-hooks', '--nolock', '--ignore-incomplete', '', '--verbose ', '--rerun-triggers params code software-env mtime input', '', '', '', '', "--conda-frontend 'conda'", '', '', '', '', '', '--shared-fs-usage source-cache storage-local-copies input-output persistence software-deployment sources', '', "--wrapper-prefix 'https://github.com/snakemake/snakemake-wrappers/raw/'", '', '', '', '--printshellcmds ', '', '--latency-wait 5', "--scheduler 'ilp'", '', '--local-storage-prefix base64//LnNuYWtlbWFrZS9zdG9yYWdl', "--scheduler-solver-path '/home/gridsan/akolodziej/.conda/envs/snakemake/bin'", '', '', '', '', '', '', '--default-resources base64//bWVtX21iPW1pbihtYXgoMippbnB1dC5zaXplX21iLCAxMDAwKSwgODAwMCk= base64//ZGlza19tYj1tYXgoMippbnB1dC5zaXplX21iLCAxMDAwKSBpZiBpbnB1dCBlbHNlIDUwMDAw base64//dG1wZGlyPXN5c3RlbV90bXBkaXI=']
This job is a group job: False
The call for this job is: srun -n1 --cpu-bind=q  --cpus-per-task=1  /home/gridsan/akolodziej/.conda/envs/snakemake/bin/python3.12 -m snakemake --snakefile '/home/gridsan/akolodziej/01_insert_domains/Snakefile' --target-jobs 'intersect_with_uniref50:' --allowed-rules intersect_with_uniref50 --cores 'all' --attempt 1 --force-use-threads  --force --target-files-omit-workdir-adjustment --max-inventory-time 0 --nocolor --notemp --no-hooks --nolock --ignore-incomplete --verbose  --rerun-triggers params code software-env mtime input --conda-frontend 'conda' --shared-fs-usage source-cache storage-local-copies input-output persistence software-deployment sources --wrapper-prefix 'https://github.com/snakemake/snakemake-wrappers/raw/' --printshellcmds  --latency-wait 5 --scheduler 'ilp' --local-storage-prefix base64//LnNuYWtlbWFrZS9zdG9yYWdl --scheduler-solver-path '/home/gridsan/akolodziej/.conda/envs/snakemake/bin' --default-resources base64//bWVtX21iPW1pbihtYXgoMippbnB1dC5zaXplX21iLCAxMDAwKSwgODAwMCk= base64//ZGlza19tYj1tYXgoMippbnB1dC5zaXplX21iLCAxMDAwKSBpZiBpbnB1dCBlbHNlIDUwMDAw base64//dG1wZGlyPXN5c3RlbV90bXBkaXI= --mode 'remote'
Job is running on host: d-12-15-1
host: d-12-15-1
Building DAG of jobs...
outputs/uniref50_nested_domain_pairs.tsv outputs/unmapped_uniprot_ids.txt outputs/uniref50_frequency.csv: True 0
shared_storage_local_copies: True
remote_exec: True
Submitting maximum 100 job(s) over 1.0 second(s).
Using shell: /usr/bin/bash
Provided cores: 80
Rules claiming more threads will be scaled down.
Resources before job selection: {'_cores': 80, '_nodes': 9223372036854775807, '_job_count': 9223372036854775807}
Ready jobs: 1
Select jobs to execute...
Selecting jobs to run using greedy solver.
Selected jobs: 1
Resources after job selection: {'_cores': 79, '_nodes': 9223372036854775806, '_job_count': 100}
Execute 1 jobs...

[Tue Jul  8 20:40:00 2025]
localrule intersect_with_uniref50:
    input: outputs/uniprot_to_uniref50_mapping.pkl, outputs/nested_domain_pairs.tsv
    output: outputs/uniref50_nested_domain_pairs.tsv, outputs/unmapped_uniprot_ids.txt, outputs/uniref50_frequency.csv
    log: logs/intersect_with_uniref50.log
    jobid: 0
    reason: Forced execution
    resources: mem_mb=64000, mem_mib=61036, disk_mb=18416, disk_mib=17563, tmpdir=/state/partition1/slurm_tmp/1144253.0.0, time_min=720, cpus_per_task=1
Shell command: 
        python -u scripts/intersect_nested_domain_pairs.py outputs/uniprot_to_uniref50_mapping.pkl outputs/nested_domain_pairs.tsv outputs/uniref50_nested_domain_pairs.tsv outputs/unmapped_uniprot_ids.txt outputs/uniref50_frequency.csv &> logs/intersect_with_uniref50.log 
        
Waiting for running jobs to complete.
Full Traceback (most recent call last):
  File "/home/gridsan/akolodziej/.conda/envs/snakemake/lib/python3.12/site-packages/snakemake/executors/local.py", line 425, in run_wrapper
    run(
  File "/home/gridsan/akolodziej/01_insert_domains/rules/03_intersect_with_uniref50.smk", line 37, in __rule_intersect_with_uniref50
  File "/home/gridsan/akolodziej/.conda/envs/snakemake/lib/python3.12/site-packages/snakemake/shell.py", line 358, in __new__
    raise sp.CalledProcessError(retcode, cmd)
subprocess.CalledProcessError: Command 'set -euo pipefail;  
        python -u scripts/intersect_nested_domain_pairs.py outputs/uniprot_to_uniref50_mapping.pkl outputs/nested_domain_pairs.tsv outputs/uniref50_nested_domain_pairs.tsv outputs/unmapped_uniprot_ids.txt outputs/uniref50_frequency.csv &> logs/intersect_with_uniref50.log' returned non-zero exit status 1.

Full Traceback (most recent call last):
  File "/home/gridsan/akolodziej/.conda/envs/snakemake/lib/python3.12/site-packages/snakemake/executors/local.py", line 425, in run_wrapper
    run(
  File "/home/gridsan/akolodziej/01_insert_domains/rules/03_intersect_with_uniref50.smk", line 37, in __rule_intersect_with_uniref50
  File "/home/gridsan/akolodziej/.conda/envs/snakemake/lib/python3.12/site-packages/snakemake/shell.py", line 358, in __new__
    raise sp.CalledProcessError(retcode, cmd)
subprocess.CalledProcessError: Command 'set -euo pipefail;  
        python -u scripts/intersect_nested_domain_pairs.py outputs/uniprot_to_uniref50_mapping.pkl outputs/nested_domain_pairs.tsv outputs/uniref50_nested_domain_pairs.tsv outputs/unmapped_uniprot_ids.txt outputs/uniref50_frequency.csv &> logs/intersect_with_uniref50.log' returned non-zero exit status 1.

During handling of the above exception, another exception occurred:

Traceback (most recent call last):
  File "/home/gridsan/akolodziej/.conda/envs/snakemake/lib/python3.12/concurrent/futures/thread.py", line 59, in run
    result = self.fn(*self.args, **self.kwargs)
             ^^^^^^^^^^^^^^^^^^^^^^^^^^^^^^^^^^
  File "/home/gridsan/akolodziej/.conda/envs/snakemake/lib/python3.12/site-packages/snakemake/executors/local.py", line 247, in cached_or_run
    run_func(*args)
  File "/home/gridsan/akolodziej/.conda/envs/snakemake/lib/python3.12/site-packages/snakemake/executors/local.py", line 461, in run_wrapper
    raise RuleException(
snakemake.exceptions.RuleException: CalledProcessError in file "/home/gridsan/akolodziej/01_insert_domains/rules/03_intersect_with_uniref50.smk", line 17:
Command 'set -euo pipefail;  
        python -u scripts/intersect_nested_domain_pairs.py outputs/uniprot_to_uniref50_mapping.pkl outputs/nested_domain_pairs.tsv outputs/uniref50_nested_domain_pairs.tsv outputs/unmapped_uniprot_ids.txt outputs/uniref50_frequency.csv &> logs/intersect_with_uniref50.log' returned non-zero exit status 1.

RuleException:
CalledProcessError in file "/home/gridsan/akolodziej/01_insert_domains/rules/03_intersect_with_uniref50.smk", line 17:
Command 'set -euo pipefail;  
        python -u scripts/intersect_nested_domain_pairs.py outputs/uniprot_to_uniref50_mapping.pkl outputs/nested_domain_pairs.tsv outputs/uniref50_nested_domain_pairs.tsv outputs/unmapped_uniprot_ids.txt outputs/uniref50_frequency.csv &> logs/intersect_with_uniref50.log' returned non-zero exit status 1.
[Tue Jul  8 20:42:37 2025]
Error in rule intersect_with_uniref50:
    message: None
    jobid: 0
    input: outputs/uniprot_to_uniref50_mapping.pkl, outputs/nested_domain_pairs.tsv
    output: outputs/uniref50_nested_domain_pairs.tsv, outputs/unmapped_uniprot_ids.txt, outputs/uniref50_frequency.csv
    log: logs/intersect_with_uniref50.log (check log file(s) for error details)
    shell:
        
        python -u scripts/intersect_nested_domain_pairs.py outputs/uniprot_to_uniref50_mapping.pkl outputs/nested_domain_pairs.tsv outputs/uniref50_nested_domain_pairs.tsv outputs/unmapped_uniprot_ids.txt outputs/uniref50_frequency.csv &> logs/intersect_with_uniref50.log 
        
        (command exited with non-zero exit code)
Removing output files of failed job intersect_with_uniref50 since they might be corrupted:
outputs/uniref50_nested_domain_pairs.tsv
Shutting down, this might take some time.
Exiting because a job execution failed. Look below for error messages
[Tue Jul  8 20:42:37 2025]
Error in rule intersect_with_uniref50:
    message: None
    jobid: 0
    input: outputs/uniprot_to_uniref50_mapping.pkl, outputs/nested_domain_pairs.tsv
    output: outputs/uniref50_nested_domain_pairs.tsv, outputs/unmapped_uniprot_ids.txt, outputs/uniref50_frequency.csv
    log: logs/intersect_with_uniref50.log (check log file(s) for error details)
    shell:
        
        python -u scripts/intersect_nested_domain_pairs.py outputs/uniprot_to_uniref50_mapping.pkl outputs/nested_domain_pairs.tsv outputs/uniref50_nested_domain_pairs.tsv outputs/unmapped_uniprot_ids.txt outputs/uniref50_frequency.csv &> logs/intersect_with_uniref50.log 
        
        (command exited with non-zero exit code)
Storing output in storage.
Full Traceback (most recent call last):
  File "/home/gridsan/akolodziej/.conda/envs/snakemake/lib/python3.12/site-packages/snakemake/cli.py", line 2164, in args_to_api
    dag_api.execute_workflow(
  File "/home/gridsan/akolodziej/.conda/envs/snakemake/lib/python3.12/site-packages/snakemake/api.py", line 603, in execute_workflow
    workflow.execute(
  File "/home/gridsan/akolodziej/.conda/envs/snakemake/lib/python3.12/site-packages/snakemake/workflow.py", line 1451, in execute
    raise WorkflowError("At least one job did not complete successfully.")
snakemake_interface_common.exceptions.WorkflowError: At least one job did not complete successfully.

WorkflowError:
At least one job did not complete successfully.
srun: error: d-12-15-1: task 0: Exited with exit code 1
[Tue Jul  8 20:42:37 2025]
Error in rule intersect_with_uniref50:
    message: None
    jobid: 0
    input: outputs/uniprot_to_uniref50_mapping.pkl, outputs/nested_domain_pairs.tsv
    output: outputs/uniref50_nested_domain_pairs.tsv, outputs/unmapped_uniprot_ids.txt, outputs/uniref50_frequency.csv
    log: logs/intersect_with_uniref50.log (check log file(s) for error details)
    shell:
        
        python -u scripts/intersect_nested_domain_pairs.py outputs/uniprot_to_uniref50_mapping.pkl outputs/nested_domain_pairs.tsv outputs/uniref50_nested_domain_pairs.tsv outputs/unmapped_uniprot_ids.txt outputs/uniref50_frequency.csv &> logs/intersect_with_uniref50.log 
        
        (command exited with non-zero exit code)
Waiting for running jobs to complete.
Shutting down, this might take some time.
Exiting because a job execution failed. Look below for error messages
[Tue Jul  8 20:42:37 2025]
Error in rule intersect_with_uniref50:
    message: None
    jobid: 0
    input: outputs/uniprot_to_uniref50_mapping.pkl, outputs/nested_domain_pairs.tsv
    output: outputs/uniref50_nested_domain_pairs.tsv, outputs/unmapped_uniprot_ids.txt, outputs/uniref50_frequency.csv
    log: logs/intersect_with_uniref50.log (check log file(s) for error details)
    shell:
        
        python -u scripts/intersect_nested_domain_pairs.py outputs/uniprot_to_uniref50_mapping.pkl outputs/nested_domain_pairs.tsv outputs/uniref50_nested_domain_pairs.tsv outputs/unmapped_uniprot_ids.txt outputs/uniref50_frequency.csv &> logs/intersect_with_uniref50.log 
        
        (command exited with non-zero exit code)
Storing output in storage.
Full Traceback (most recent call last):
  File "/home/gridsan/akolodziej/.conda/envs/snakemake/lib/python3.12/site-packages/snakemake/cli.py", line 2164, in args_to_api
    dag_api.execute_workflow(
  File "/home/gridsan/akolodziej/.conda/envs/snakemake/lib/python3.12/site-packages/snakemake/api.py", line 603, in execute_workflow
    workflow.execute(
  File "/home/gridsan/akolodziej/.conda/envs/snakemake/lib/python3.12/site-packages/snakemake/workflow.py", line 1451, in execute
    raise WorkflowError("At least one job did not complete successfully.")
snakemake_interface_common.exceptions.WorkflowError: At least one job did not complete successfully.

WorkflowError:
At least one job did not complete successfully.
